<?xml version="1.0" encoding="UTF-8"?>
<!-- Generated by org.testng.reporters.JUnitReportReporter -->
<testsuite hostname="DESKTOP-6A1PF38" failures="0" tests="1" name="myTestRunner.TestRunner" time="0.016" errors="0" timestamp="2021-05-23T16:56:13 NZST" skipped="0">
  <testcase classname="myTestRunner.TestRunner" name="openbrowser" time="0.016"/>
  <system-out/>
</testsuite> <!-- myTestRunner.TestRunner -->
